*** Starting uWSGI 2.0.17.1 (64bit) on [Thu Jul 19 15:30:00 2018] ***
compiled with version: 5.4.0 20160609 on 18 July 2018 10:55:56
os: Linux-4.4.0-130-generic #156-Ubuntu SMP Thu Jun 14 08:53:28 UTC 2018
nodename: ubuntu
machine: x86_64
clock source: unix
pcre jit disabled
detected number of CPU cores: 1
current working directory: /home/python/Desktop/visualization
writing pidfile to uwsgi.pid
detected binary path: /usr/local/bin/uwsgi
chdir() to /home/python/Desktop/visualization
your processes number limit is 15575
your memory page size is 4096 bytes
detected max file descriptor number: 1048576
lock engine: pthread robust mutexes
thunder lock: disabled (you can enable it with --thunder-lock)
uWSGI http bound on 127.0.0.1:8000 fd 4
uwsgi socket 0 bound to TCP address 127.0.0.1:40395 (port auto-assigned) fd 3
Python version: 3.5.2 (default, Nov 23 2017, 16:37:01)  [GCC 5.4.0 20160609]
Python main interpreter initialized at 0x17696a0
python threads support enabled
your server socket listen backlog is limited to 100 connections
your mercy for graceful operations on workers is 60 seconds
mapped 416880 bytes (407 KB) for 8 cores
*** Operational MODE: preforking+threaded ***
added /home/python/.virtualenvs/Env1/lib/python3.5/site-packages/ to pythonpath.
WSGI app 0 (mountpoint='') ready in 1 seconds on interpreter 0x17696a0 pid: 5546 (default app)
*** uWSGI is running in multiple interpreter mode ***
spawned uWSGI master process (pid: 5546)
spawned uWSGI worker 1 (pid: 5554, cores: 2)
spawned uWSGI worker 2 (pid: 5555, cores: 2)
spawned uWSGI worker 3 (pid: 5556, cores: 2)
spawned uWSGI worker 4 (pid: 5557, cores: 2)
spawned uWSGI http 1 (pid: 5558)
/usr/local/lib/python3.5/dist-packages/pymongo/topology.py:149: UserWarning: MongoClient opened before fork. Create MongoClient only after forking. See PyMongo's documentation for details: http://api.mongodb.org/python/current/faq.html#is-pymongo-fork-safe
  "MongoClient opened before fork. Create MongoClient only "
[pid: 5555|app: 0|req: 1/1] 127.0.0.1 () {38 vars in 629 bytes} [Thu Jul 19 07:30:08 2018] GET / => generated 13065 bytes in 772 msecs (HTTP/1.1 200) 3 headers in 111 bytes (1 switches on core 0)
[pid: 5555|app: 0|req: 2/2] 127.0.0.1 () {38 vars in 632 bytes} [Thu Jul 19 07:30:09 2018] GET /static/images/logo2.png => generated 97 bytes in 2 msecs (HTTP/1.1 404) 3 headers in 100 bytes (1 switches on core 1)
/usr/local/lib/python3.5/dist-packages/pymongo/topology.py:149: UserWarning: MongoClient opened before fork. Create MongoClient only after forking. See PyMongo's documentation for details: http://api.mongodb.org/python/current/faq.html#is-pymongo-fork-safe
  "MongoClient opened before fork. Create MongoClient only "
/usr/local/lib/python3.5/dist-packages/pymongo/topology.py:149: UserWarning: MongoClient opened before fork. Create MongoClient only after forking. See PyMongo's documentation for details: http://api.mongodb.org/python/current/faq.html#is-pymongo-fork-safe
  "MongoClient opened before fork. Create MongoClient only "
/usr/local/lib/python3.5/dist-packages/pymongo/topology.py:149: UserWarning: MongoClient opened before fork. Create MongoClient only after forking. See PyMongo's documentation for details: http://api.mongodb.org/python/current/faq.html#is-pymongo-fork-safe
  "MongoClient opened before fork. Create MongoClient only "
[pid: 5557|app: 0|req: 1/3] 127.0.0.1 () {38 vars in 607 bytes} [Thu Jul 19 07:30:09 2018] GET /static/js/jquery.min.js => generated 97 bytes in 2219 msecs (HTTP/1.1 404) 3 headers in 100 bytes (1 switches on core 0)
[pid: 5554|app: 0|req: 1/4] 127.0.0.1 () {38 vars in 622 bytes} [Thu Jul 19 07:30:09 2018] GET /static/css/semantic.css => generated 97 bytes in 2242 msecs (HTTP/1.1 404) 3 headers in 100 bytes (1 switches on core 0)
[pid: 5556|app: 0|req: 1/5] 127.0.0.1 () {38 vars in 603 bytes} [Thu Jul 19 07:30:09 2018] GET /static/js/semantic.js => generated 95 bytes in 2234 msecs (HTTP/1.1 404) 3 headers in 100 bytes (1 switches on core 0)
[pid: 5555|app: 0|req: 3/6] 127.0.0.1 () {38 vars in 632 bytes} [Thu Jul 19 07:30:11 2018] GET /static/images/logo2.png => generated 97 bytes in 0 msecs (HTTP/1.1 404) 3 headers in 100 bytes (1 switches on core 1)
[pid: 5554|app: 0|req: 2/7] 127.0.0.1 () {40 vars in 603 bytes} [Thu Jul 19 07:30:11 2018] GET /favicon.ico => generated 85 bytes in 2 msecs (HTTP/1.1 404) 3 headers in 100 bytes (1 switches on core 1)
SIGINT/SIGQUIT received...killing workers...
gateway "uWSGI http 1" has been buried (pid: 5558)
worker 1 buried after 3 seconds
worker 2 buried after 3 seconds
worker 3 buried after 3 seconds
worker 4 buried after 3 seconds
goodbye to uWSGI.
*** Starting uWSGI 2.0.17.1 (64bit) on [Thu Jul 19 15:32:12 2018] ***
compiled with version: 5.4.0 20160609 on 18 July 2018 10:55:56
os: Linux-4.4.0-130-generic #156-Ubuntu SMP Thu Jun 14 08:53:28 UTC 2018
nodename: ubuntu
machine: x86_64
clock source: unix
pcre jit disabled
detected number of CPU cores: 1
current working directory: /home/python/Desktop/visualization
writing pidfile to uwsgi.pid
detected binary path: /usr/local/bin/uwsgi
chdir() to /home/python/Desktop/visualization
your processes number limit is 15575
your memory page size is 4096 bytes
detected max file descriptor number: 1048576
lock engine: pthread robust mutexes
thunder lock: disabled (you can enable it with --thunder-lock)
uwsgi socket 0 bound to TCP address 192.168.83.135:8000 fd 3
Python version: 3.5.2 (default, Nov 23 2017, 16:37:01)  [GCC 5.4.0 20160609]
Python main interpreter initialized at 0x214a5c0
python threads support enabled
your server socket listen backlog is limited to 100 connections
your mercy for graceful operations on workers is 60 seconds
mapped 416880 bytes (407 KB) for 8 cores
*** Operational MODE: preforking+threaded ***
added /home/python/.virtualenvs/Env1/lib/python3.5/site-packages/ to pythonpath.
WSGI app 0 (mountpoint='') ready in 1 seconds on interpreter 0x214a5c0 pid: 5610 (default app)
*** uWSGI is running in multiple interpreter mode ***
spawned uWSGI master process (pid: 5610)
spawned uWSGI worker 1 (pid: 5617, cores: 2)
spawned uWSGI worker 2 (pid: 5618, cores: 2)
spawned uWSGI worker 3 (pid: 5619, cores: 2)
spawned uWSGI worker 4 (pid: 5620, cores: 2)
/usr/local/lib/python3.5/dist-packages/pymongo/topology.py:149: UserWarning: MongoClient opened before fork. Create MongoClient only after forking. See PyMongo's documentation for details: http://api.mongodb.org/python/current/faq.html#is-pymongo-fork-safe
  "MongoClient opened before fork. Create MongoClient only "
[pid: 5618|app: 0|req: 1/1] 192.168.83.135 () {42 vars in 698 bytes} [Thu Jul 19 07:32:19 2018] GET / => generated 13065 bytes in 713 msecs (HTTP/1.1 200) 3 headers in 111 bytes (1 switches on core 0)
[pid: 5618|app: 0|req: 2/2] 192.168.83.135 () {44 vars in 674 bytes} [Thu Jul 19 07:32:21 2018] GET /favicon.ico => generated 85 bytes in 2 msecs (HTTP/1.1 404) 3 headers in 100 bytes (1 switches on core 1)
[pid: 5618|app: 0|req: 3/3] 192.168.83.1 () {40 vars in 653 bytes} [Thu Jul 19 07:32:28 2018] GET /favicon.ico => generated 85 bytes in 1 msecs (HTTP/1.1 404) 3 headers in 100 bytes (1 switches on core 1)
[pid: 5618|app: 0|req: 4/4] 192.168.83.1 () {42 vars in 724 bytes} [Thu Jul 19 07:38:29 2018] GET /chart/ => generated 14170 bytes in 118 msecs (HTTP/1.1 200) 3 headers in 111 bytes (1 switches on core 0)
...brutally killing workers...
Gracefully killing worker 2 (pid: 5618)...
Gracefully killing worker 3 (pid: 5619)...
Gracefully killing worker 1 (pid: 5617)...
worker 1 buried after 1 seconds
worker 3 buried after 1 seconds
worker 4 buried after 3 seconds
Thu Jul 19 09:26:25 2018 - worker 2 (pid: 5618) is taking too much time to die...NO MERCY !!!
worker 2 buried after 1 seconds
binary reloading uWSGI...
chdir() to /home/python/Desktop/visualization
closing all non-uwsgi socket fds > 2 (max_fd = 1048576)...
found fd 3 mapped to socket 0 (192.168.83.135:8000)
running /usr/local/bin/uwsgi
[uWSGI] getting INI configuration from uwsgi.ini
*** Starting uWSGI 2.0.17.1 (64bit) on [Thu Jul 19 09:26:26 2018] ***
compiled with version: 5.4.0 20160609 on 18 July 2018 10:55:56
os: Linux-4.4.0-130-generic #156-Ubuntu SMP Thu Jun 14 08:53:28 UTC 2018
nodename: ubuntu
machine: x86_64
clock source: unix
pcre jit disabled
detected number of CPU cores: 1
current working directory: /home/python/Desktop/visualization
detected binary path: /usr/local/bin/uwsgi
chdir() to /home/python/Desktop/visualization
your processes number limit is 15575
your memory page size is 4096 bytes
detected max file descriptor number: 1048576
lock engine: pthread robust mutexes
thunder lock: disabled (you can enable it with --thunder-lock)
uwsgi socket 0 inherited INET address 192.168.83.135:8000 fd 3
Python version: 3.5.2 (default, Nov 23 2017, 16:37:01)  [GCC 5.4.0 20160609]
Python main interpreter initialized at 0x1b97e10
python threads support enabled
your server socket listen backlog is limited to 100 connections
your mercy for graceful operations on workers is 60 seconds
mapped 416880 bytes (407 KB) for 8 cores
*** Operational MODE: preforking+threaded ***
added /home/python/.virtualenvs/Env1/lib/python3.5/site-packages/ to pythonpath.
WSGI app 0 (mountpoint='') ready in 0 seconds on interpreter 0x1b97e10 pid: 5610 (default app)
*** uWSGI is running in multiple interpreter mode ***
gracefully (RE)spawned uWSGI master process (pid: 5610)
spawned uWSGI worker 1 (pid: 7013, cores: 2)
spawned uWSGI worker 2 (pid: 7014, cores: 2)
spawned uWSGI worker 3 (pid: 7015, cores: 2)
spawned uWSGI worker 4 (pid: 7016, cores: 2)
